Using pre-set license
Built from '2020.3/staging' branch; Version is '2020.3.19f1 (68f137dc9bbe) revision 6877495'; Using compiler version '192528614'; Build Type 'Release'
OS: 'Windows 10 Home; OS build 19043.1466; Version 2009; 64bit' Language: 'en' Physical Memory: 16277 MB
BatchMode: 1, IsHumanControllingUs: 0, StartBugReporterOnCrash: 0, Is64bit: 1, IsPro: 0

COMMAND LINE ARGUMENTS:
C:\Program Files\Unity\Hub\Editor\2020.3.19f1\Editor\Unity.exe
-adb2
-batchMode
-noUpm
-name
AssetImportWorker0
-projectPath
C:/Users/chris/Documents/GitHub/ArtSync/unity
-logFile
Logs/AssetImportWorker0.log
-srvPort
52879
Successfully changed project path to: C:/Users/chris/Documents/GitHub/ArtSync/unity
C:/Users/chris/Documents/GitHub/ArtSync/unity
Using Asset Import Pipeline V2.
Refreshing native plugins compatible for Editor in 50.35 ms, found 2 plugins.
Preloading 0 native plugins for Editor in 0.00 ms.
Initialize engine version: 2020.3.19f1 (68f137dc9bbe)
[Subsystems] Discovering subsystems at path C:/Program Files/Unity/Hub/Editor/2020.3.19f1/Editor/Data/Resources/UnitySubsystems
[Subsystems] Discovering subsystems at path C:/Users/chris/Documents/GitHub/ArtSync/unity/Assets
GfxDevice: creating device client; threaded=0
Direct3D:
    Version:  Direct3D 11.0 [level 11.1]
    Renderer: NVIDIA GeForce GTX 980 (ID=0x13c0)
    Vendor:   
    VRAM:     4053 MB
    Driver:   30.0.14.9676
Initialize mono
Mono path[0] = 'C:/Program Files/Unity/Hub/Editor/2020.3.19f1/Editor/Data/Managed'
Mono path[1] = 'C:/Program Files/Unity/Hub/Editor/2020.3.19f1/Editor/Data/MonoBleedingEdge/lib/mono/unityjit'
Mono config path = 'C:/Program Files/Unity/Hub/Editor/2020.3.19f1/Editor/Data/MonoBleedingEdge/etc'
Using monoOptions --debugger-agent=transport=dt_socket,embedding=1,server=y,suspend=n,address=127.0.0.1:56804
Begin MonoManager ReloadAssembly
Registering precompiled unity dll's ...
Register platform support module: C:/Program Files/Unity/Hub/Editor/2020.3.19f1/Editor/Data/PlaybackEngines/WebGLSupport/UnityEditor.WebGL.Extensions.dll
Register platform support module: C:/Program Files/Unity/Hub/Editor/2020.3.19f1/Editor/Data/PlaybackEngines/WindowsStandaloneSupport/UnityEditor.WindowsStandalone.Extensions.dll
Registered in 0.009051 seconds.
Native extension for WindowsStandalone target not found
Native extension for WebGL target not found
Refreshing native plugins compatible for Editor in 44.05 ms, found 2 plugins.
Preloading 0 native plugins for Editor in 0.00 ms.
Mono: successfully reloaded assembly
- Completed reload, in  1.759 seconds
Domain Reload Profiling:
	ReloadAssembly (1760ms)
		BeginReloadAssembly (98ms)
			ExecutionOrderSort (0ms)
			DisableScriptedObjects (0ms)
			BackupInstance (0ms)
			ReleaseScriptingObjects (0ms)
			CreateAndSetChildDomain (1ms)
		EndReloadAssembly (554ms)
			LoadAssemblies (86ms)
			RebuildTransferFunctionScriptingTraits (0ms)
			SetupTypeCache (202ms)
			ReleaseScriptCaches (0ms)
			RebuildScriptCaches (37ms)
			SetupLoadedEditorAssemblies (202ms)
				LogAssemblyErrors (0ms)
				InitializePlatformSupportModulesInManaged (9ms)
				SetLoadedEditorAssemblies (0ms)
				RefreshPlugins (45ms)
				BeforeProcessingInitializeOnLoad (20ms)
				ProcessInitializeOnLoadAttributes (96ms)
				ProcessInitializeOnLoadMethodAttributes (32ms)
				AfterProcessingInitializeOnLoad (0ms)
				EditorAssembliesLoaded (0ms)
			ExecutionOrderSort2 (0ms)
			AwakeInstancesAfterBackupRestoration (0ms)
Platform modules already initialized, skipping
Registering precompiled user dll's ...
Registered in 0.012611 seconds.
Begin MonoManager ReloadAssembly
Native extension for WindowsStandalone target not found
Native extension for WebGL target not found
Refreshing native plugins compatible for Editor in 0.46 ms, found 2 plugins.
Preloading 0 native plugins for Editor in 0.00 ms.
Mono: successfully reloaded assembly
- Completed reload, in  1.400 seconds
Domain Reload Profiling:
	ReloadAssembly (1404ms)
		BeginReloadAssembly (202ms)
			ExecutionOrderSort (0ms)
			DisableScriptedObjects (5ms)
			BackupInstance (0ms)
			ReleaseScriptingObjects (0ms)
			CreateAndSetChildDomain (23ms)
		EndReloadAssembly (1096ms)
			LoadAssemblies (138ms)
			RebuildTransferFunctionScriptingTraits (0ms)
			SetupTypeCache (354ms)
			ReleaseScriptCaches (0ms)
			RebuildScriptCaches (49ms)
			SetupLoadedEditorAssemblies (423ms)
				LogAssemblyErrors (0ms)
				InitializePlatformSupportModulesInManaged (9ms)
				SetLoadedEditorAssemblies (0ms)
				RefreshPlugins (1ms)
				BeforeProcessingInitializeOnLoad (118ms)
				ProcessInitializeOnLoadAttributes (259ms)
				ProcessInitializeOnLoadMethodAttributes (5ms)
				AfterProcessingInitializeOnLoad (30ms)
				EditorAssembliesLoaded (0ms)
			ExecutionOrderSort2 (0ms)
			AwakeInstancesAfterBackupRestoration (9ms)
Platform modules already initialized, skipping
========================================================================
Worker process is ready to serve import requests
Launched and connected shader compiler UnityShaderCompiler.exe after 0.10 seconds
Refreshing native plugins compatible for Editor in 0.45 ms, found 2 plugins.
Preloading 0 native plugins for Editor in 0.00 ms.
Unloading 1603 Unused Serialized files (Serialized files now loaded: 0)
System memory in use before: 85.5 MB.
System memory in use after: 85.5 MB.

Unloading 18 unused Assets to reduce memory usage. Loaded Objects now: 2045.
Total: 3.039100 ms (FindLiveObjects: 0.159100 ms CreateObjectMapping: 0.068100 ms MarkObjects: 2.717400 ms  DeleteObjects: 0.093300 ms)

AssetImportParameters requested are different than current active one (requested -> active):
  custom:framework-win-MediaFoundation: 216162199b28c13a410421893ffa2e32 -> 
  custom:video-decoder-ogg-theora: a1e56fd34408186e4bbccfd4996cb3dc -> 
  custom:container-muxer-webm: aa71ff27fc2769a1b78a27578f13a17b -> 
  custom:container-demuxer-webm: 4f35f7cbe854078d1ac9338744f61a02 -> 
  custom:container-demuxer-ogg: 62fdf1f143b41e24485cea50d1cbac27 -> 
  custom:video-encoder-webm-vp8: eb34c28f22e8b96e1ab97ce403110664 -> 
  custom:video-decoder-webm-vp8: 9c59270c3fd7afecdb556c50c9e8de78 -> 
  custom:audio-decoder-ogg-vorbis: bf7c407c2cedff20999df2af8eb42d56 -> 
  custom:audio-encoder-webm-vorbis: bf7c407c2cedff20999df2af8eb42d56 -> 
========================================================================
Received Import Request.
  path: Assets/Prefabs/GameController.prefab
  artifactKey: Guid(f3e8bffc2b7b39c429731335d96c4c83) Importer(815301076,1909f56bfc062723c751e8b465ee728b)
Start importing Assets/Prefabs/GameController.prefab using Guid(f3e8bffc2b7b39c429731335d96c4c83) Importer(815301076,1909f56bfc062723c751e8b465ee728b)  -> (artifact id: '1b29e98684db12b8dd4b5aa4b758082a') in 0.134221 seconds 
  Import took 0.138399 seconds .

========================================================================
Received Import Request.
  Time since last request: 0.000759 seconds.
  path: Assets/Prefabs/Camera.prefab
  artifactKey: Guid(c56b862e0af741f4ebc9add5b53f7e45) Importer(815301076,1909f56bfc062723c751e8b465ee728b)
Start importing Assets/Prefabs/Camera.prefab using Guid(c56b862e0af741f4ebc9add5b53f7e45) Importer(815301076,1909f56bfc062723c751e8b465ee728b)  -> (artifact id: 'c657485f82500b4a4eaaa198ad9a5cce') in 0.015360 seconds 
  Import took 0.018813 seconds .

========================================================================
Received Import Request.
  Time since last request: 0.000833 seconds.
  path: Assets/Prefabs/Pedestal.prefab
  artifactKey: Guid(f0a53dfde85717c4ebe5fb9fef3108ed) Importer(815301076,1909f56bfc062723c751e8b465ee728b)
Start importing Assets/Prefabs/Pedestal.prefab using Guid(f0a53dfde85717c4ebe5fb9fef3108ed) Importer(815301076,1909f56bfc062723c751e8b465ee728b)  -> (artifact id: 'e6dc045fe8f20f3a358016c9ac52f1ea') in 0.093859 seconds 
  Import took 0.098282 seconds .

========================================================================
Received Import Request.
  Time since last request: 11.426634 seconds.
  path: Assets/Prefabs/SquareFrame.prefab
  artifactKey: Guid(63db7946c94336244bd7e10670fa2294) Importer(815301076,1909f56bfc062723c751e8b465ee728b)
Start importing Assets/Prefabs/SquareFrame.prefab using Guid(63db7946c94336244bd7e10670fa2294) Importer(815301076,1909f56bfc062723c751e8b465ee728b)  -> (artifact id: '81fd8a64311a65ab248ff95e91d03718') in 0.036656 seconds 
  Import took 0.040643 seconds .

========================================================================
Received Import Request.
  Time since last request: 9.036117 seconds.
  path: Assets/Prefabs/WideFrame.prefab
  artifactKey: Guid(f48792f06e066a747950b70bd8f06dc9) Importer(815301076,1909f56bfc062723c751e8b465ee728b)
Start importing Assets/Prefabs/WideFrame.prefab using Guid(f48792f06e066a747950b70bd8f06dc9) Importer(815301076,1909f56bfc062723c751e8b465ee728b)  -> (artifact id: '1745d92c8ff4c98cdf48cd6f627fa44d') in 0.025751 seconds 
  Import took 0.030011 seconds .

========================================================================
Received Import Request.
  Time since last request: 11.265305 seconds.
  path: Assets/Prefabs/WallSpawn.prefab
  artifactKey: Guid(0f2f0db81bcee8e46b57720c958e80d0) Importer(815301076,1909f56bfc062723c751e8b465ee728b)
Start importing Assets/Prefabs/WallSpawn.prefab using Guid(0f2f0db81bcee8e46b57720c958e80d0) Importer(815301076,1909f56bfc062723c751e8b465ee728b)  -> (artifact id: '7e0cbba9ecd83e1e9a5a43e4555a6014') in 0.021781 seconds 
  Import took 0.025987 seconds .

========================================================================
Received Import Request.
  Time since last request: 14.920343 seconds.
  path: Assets/Prefabs/ObjSpawn.prefab
  artifactKey: Guid(c018d60182e172342b711768dbb28a39) Importer(815301076,1909f56bfc062723c751e8b465ee728b)
Start importing Assets/Prefabs/ObjSpawn.prefab using Guid(c018d60182e172342b711768dbb28a39) Importer(815301076,1909f56bfc062723c751e8b465ee728b)  -> (artifact id: '21686602a5cca747aebe173a33be08e2') in 0.016554 seconds 
  Import took 0.020203 seconds .

========================================================================
Received Import Request.
  Time since last request: 1.971496 seconds.
  path: Assets/Prefabs/ObjSpawn.prefab
  artifactKey: Guid(c018d60182e172342b711768dbb28a39) Importer(815301076,1909f56bfc062723c751e8b465ee728b)
Start importing Assets/Prefabs/ObjSpawn.prefab using Guid(c018d60182e172342b711768dbb28a39) Importer(815301076,1909f56bfc062723c751e8b465ee728b)  -> (artifact id: '8430f79af7bc7d37c27fee15eb43ca20') in 0.013693 seconds 
  Import took 0.017331 seconds .

========================================================================
Received Import Request.
  Time since last request: 1.192573 seconds.
  path: Assets/Prefabs/ObjSpawn.prefab
  artifactKey: Guid(c018d60182e172342b711768dbb28a39) Importer(815301076,1909f56bfc062723c751e8b465ee728b)
Start importing Assets/Prefabs/ObjSpawn.prefab using Guid(c018d60182e172342b711768dbb28a39) Importer(815301076,1909f56bfc062723c751e8b465ee728b)  -> (artifact id: 'ffa59f8565cd3294aa40691f4019aff9') in 0.013993 seconds 
  Import took 0.018852 seconds .

AssetImportWorkerClient::OnTransportError - code=2 error=End of file
